\BOOKMARK [0][-]{chapter.1}{Introduction}{}% 1
\BOOKMARK [1][-]{section.1.1}{Problem formulation}{chapter.1}% 2
\BOOKMARK [1][-]{section.1.2}{Reasoning behind the problem formulation}{chapter.1}% 3
\BOOKMARK [0][-]{chapter.2}{Theory}{}% 4
\BOOKMARK [1][-]{section.2.1}{The physical system}{chapter.2}% 5
\BOOKMARK [1][-]{section.2.2}{Our approach}{chapter.2}% 6
\BOOKMARK [1][-]{section.2.3}{The heat equations}{chapter.2}% 7
\BOOKMARK [1][-]{section.2.4}{The transport equations}{chapter.2}% 8
\BOOKMARK [0][-]{chapter.3}{Numerics}{}% 9
\BOOKMARK [1][-]{section.3.1}{Von Neumann analysis of the Crank-Nicolson-scheme}{chapter.3}% 10
\BOOKMARK [1][-]{section.3.2}{Truncation error in the Crank-Nicolson scheme}{chapter.3}% 11
\BOOKMARK [0][-]{chapter.4}{Implementation}{}% 12
\BOOKMARK [1][-]{section.4.1}{Tools}{chapter.4}% 13
\BOOKMARK [1][-]{section.4.2}{Program design}{chapter.4}% 14
\BOOKMARK [1][-]{section.4.3}{The physical system}{chapter.4}% 15
\BOOKMARK [2][-]{subsection.4.3.1}{Partitioning of the problem}{section.4.3}% 16
\BOOKMARK [2][-]{subsection.4.3.2}{Updating alpha and beta values}{section.4.3}% 17
\BOOKMARK [2][-]{subsection.4.3.3}{Calculating the distribution of the microwave effect}{section.4.3}% 18
\BOOKMARK [2][-]{subsection.4.3.4}{The matrix-vector multiplication procedure}{section.4.3}% 19
\BOOKMARK [1][-]{section.4.4}{The conjugate gradient method as an iterative algorithm}{chapter.4}% 20
\BOOKMARK [0][-]{chapter.5}{Experiments}{}% 21
\BOOKMARK [1][-]{section.5.1}{Experiments}{chapter.5}% 22
\BOOKMARK [0][-]{chapter.6}{Conclusion}{}% 23
\BOOKMARK [1][-]{section.6.1}{Conclusion}{chapter.6}% 24
