\BOOKMARK [0][-]{chapter.1}{Innledning}{}% 1
\BOOKMARK [1][-]{section.1.1}{Innledning}{chapter.1}% 2
\BOOKMARK [0][-]{chapter.2}{Presentasjon av gruppens medlemmer}{}% 3
\BOOKMARK [1][-]{section*.3}{\305smund}{chapter.2}% 4
\BOOKMARK [1][-]{section*.7}{Joakim}{chapter.2}% 5
\BOOKMARK [1][-]{section*.11}{Turid}{chapter.2}% 6
\BOOKMARK [1][-]{section*.16}{Paul}{chapter.2}% 7
\BOOKMARK [1][-]{section*.20}{Knut Halvor}{chapter.2}% 8
\BOOKMARK [0][-]{chapter.3}{Teori}{}% 9
\BOOKMARK [1][-]{section.3.1}{Schwarz}{chapter.3}% 10
\BOOKMARK [2][-]{subsection.3.1.1}{Gruppeeffektivitet}{section.3.1}% 11
\BOOKMARK [0][-]{chapter.4}{Oppstart og utvikling}{}% 12
\BOOKMARK [1][-]{section.4.1}{Situasjon ved oppstart}{chapter.4}% 13
\BOOKMARK [1][-]{section.4.2}{Formulering av problemstillingen}{chapter.4}% 14
\BOOKMARK [1][-]{section.4.3}{Opprinnelig plan}{chapter.4}% 15
\BOOKMARK [1][-]{section.4.4}{Regler, avtaler, kontrakt}{chapter.4}% 16
\BOOKMARK [1][-]{section.4.5}{Beslutningsm\370nstre}{chapter.4}% 17
\BOOKMARK [1][-]{section.4.6}{Roller vi tok}{chapter.4}% 18
\BOOKMARK [1][-]{section.4.7}{Tilbakeblikk}{chapter.4}% 19
\BOOKMARK [0][-]{chapter.5}{Analyse av gruppearbeidet}{}% 20
\BOOKMARK [1][-]{section.5.1}{Kompetanse i praksis}{chapter.5}% 21
\BOOKMARK [1][-]{section.5.2}{Kommunikasjon og samspill}{chapter.5}% 22
\BOOKMARK [1][-]{section.5.3}{Bruk av regler/kontrakt}{chapter.5}% 23
\BOOKMARK [1][-]{section.5.4}{Teori vs. virkelighet}{chapter.5}% 24
\BOOKMARK [1][-]{section.5.5}{Situasjoner og eksempler}{chapter.5}% 25
\BOOKMARK [0][-]{chapter.6}{Oppsummering}{}% 26
\BOOKMARK [0][-]{chapter.7}{Konklusjon}{}% 27
